<?xml version="1.0" encoding="UTF-8"?>
<testng-results ignored="0" total="4" passed="3" failed="1" skipped="0">
  <reporter-output>
  </reporter-output>
  <suite started-at="2022-06-30T18:23:55 IST" name="Suite" finished-at="2022-06-30T18:25:18 IST" duration-ms="82293">
    <groups>
    </groups>
    <test started-at="2022-06-30T18:23:55 IST" name="Test3" finished-at="2022-06-30T18:25:17 IST" duration-ms="81788">
      <class name="Tests.SingleDataSet">
        <test-method is-config="true" signature="browserLaunch()[pri:0, instance:Tests.SingleDataSet@1568159]" started-at="2022-06-30T18:23:56 IST" name="browserLaunch" finished-at="2022-06-30T18:24:06 IST" duration-ms="10298" status="PASS">
          <reporter-output>
          </reporter-output>
        </test-method> <!-- browserLaunch -->
        <test-method signature="SingleSetData(java.lang.String,java.lang.String,java.lang.String)[pri:0, instance:Tests.SingleDataSet@1568159]" started-at="2022-06-30T18:24:06 IST" name="SingleSetData" data-provider="getData" finished-at="2022-06-30T18:25:11 IST" duration-ms="64982" status="PASS">
          <params>
            <param index="0">
              <value>
                <![CDATA[sdfawedf]]>
              </value>
            </param>
            <param index="1">
              <value>
                <![CDATA[Password1]]>
              </value>
            </param>
            <param index="2">
              <value>
                <![CDATA[Only one set of credential entered]]>
              </value>
            </param>
          </params>
          <reporter-output>
          </reporter-output>
        </test-method> <!-- SingleSetData -->
        <test-method is-config="true" signature="tearDown()[pri:0, instance:Tests.SingleDataSet@1568159]" started-at="2022-06-30T18:25:11 IST" name="tearDown" finished-at="2022-06-30T18:25:17 IST" duration-ms="6457" status="PASS">
          <reporter-output>
          </reporter-output>
        </test-method> <!-- tearDown -->
      </class> <!-- Tests.SingleDataSet -->
    </test> <!-- Test3 -->
    <test started-at="2022-06-30T18:23:55 IST" name="Test2" finished-at="2022-06-30T18:25:18 IST" duration-ms="82293">
      <class name="Tests.MultipleTest">
        <test-method is-config="true" signature="browserLaunch()[pri:0, instance:Tests.MultipleTest@66629f63]" started-at="2022-06-30T18:23:56 IST" name="browserLaunch" finished-at="2022-06-30T18:24:05 IST" duration-ms="9879" status="PASS">
          <reporter-output>
          </reporter-output>
        </test-method> <!-- browserLaunch -->
        <test-method signature="LoginChecking(java.lang.String,java.lang.String,java.lang.String)[pri:0, instance:Tests.MultipleTest@66629f63]" started-at="2022-06-30T18:24:06 IST" name="LoginChecking" data-provider="getData" finished-at="2022-06-30T18:24:49 IST" duration-ms="42983" status="PASS">
          <params>
            <param index="0">
              <value>
                <![CDATA[abc@gmail.com]]>
              </value>
            </param>
            <param index="1">
              <value>
                <![CDATA[Password1]]>
              </value>
            </param>
            <param index="2">
              <value>
                <![CDATA[First credential entered]]>
              </value>
            </param>
          </params>
          <reporter-output>
          </reporter-output>
        </test-method> <!-- LoginChecking -->
        <test-method signature="LoginChecking(java.lang.String,java.lang.String,java.lang.String)[pri:0, instance:Tests.MultipleTest@66629f63]" started-at="2022-06-30T18:24:49 IST" name="LoginChecking" data-provider="getData" finished-at="2022-06-30T18:25:16 IST" duration-ms="26886" status="PASS">
          <params>
            <param index="0">
              <value>
                <![CDATA[def@gmail.com]]>
              </value>
            </param>
            <param index="1">
              <value>
                <![CDATA[Password2]]>
              </value>
            </param>
            <param index="2">
              <value>
                <![CDATA[Second credential entered]]>
              </value>
            </param>
          </params>
          <reporter-output>
          </reporter-output>
        </test-method> <!-- LoginChecking -->
        <test-method is-config="true" signature="tearDown()[pri:0, instance:Tests.MultipleTest@66629f63]" started-at="2022-06-30T18:25:16 IST" name="tearDown" finished-at="2022-06-30T18:25:18 IST" duration-ms="2244" status="PASS">
          <reporter-output>
          </reporter-output>
        </test-method> <!-- tearDown -->
      </class> <!-- Tests.MultipleTest -->
    </test> <!-- Test2 -->
    <test started-at="2022-06-30T18:23:55 IST" name="Test" finished-at="2022-06-30T18:25:17 IST" duration-ms="81570">
      <class name="Tests.InitializeTest">
        <test-method is-config="true" signature="browserLaunch()[pri:0, instance:Tests.InitializeTest@194fad1]" started-at="2022-06-30T18:23:56 IST" name="browserLaunch" finished-at="2022-06-30T18:24:51 IST" duration-ms="55201" status="PASS">
          <reporter-output>
          </reporter-output>
        </test-method> <!-- browserLaunch -->
        <test-method signature="LaunchBrowser()[pri:0, instance:Tests.InitializeTest@194fad1]" started-at="2022-06-30T18:24:51 IST" name="LaunchBrowser" finished-at="2022-06-30T18:24:53 IST" duration-ms="2367" status="FAIL">
          <exception class="java.lang.AssertionError">
            <message>
              <![CDATA[expected [FEATURED COURSESv] but found [FEATURED COURSES]]]>
            </message>
            <full-stacktrace>
              <![CDATA[java.lang.AssertionError: expected [FEATURED COURSESv] but found [FEATURED COURSES]
at org.testng.Assert.fail(Assert.java:110)
at org.testng.Assert.failNotEquals(Assert.java:1413)
at org.testng.Assert.assertEqualsImpl(Assert.java:149)
at org.testng.Assert.assertEquals(Assert.java:131)
at org.testng.Assert.assertEquals(Assert.java:655)
at org.testng.Assert.assertEquals(Assert.java:665)
at Tests.InitializeTest.LaunchBrowser(InitializeTest.java:33)
at java.base/jdk.internal.reflect.NativeMethodAccessorImpl.invoke0(Native Method)
at java.base/jdk.internal.reflect.NativeMethodAccessorImpl.invoke(NativeMethodAccessorImpl.java:78)
at java.base/jdk.internal.reflect.DelegatingMethodAccessorImpl.invoke(DelegatingMethodAccessorImpl.java:43)
at java.base/java.lang.reflect.Method.invoke(Method.java:567)
at org.testng.internal.invokers.MethodInvocationHelper.invokeMethod(MethodInvocationHelper.java:139)
at org.testng.internal.invokers.TestInvoker.invokeMethod(TestInvoker.java:677)
at org.testng.internal.invokers.TestInvoker.invokeTestMethod(TestInvoker.java:221)
at org.testng.internal.invokers.MethodRunner.runInSequence(MethodRunner.java:50)
at org.testng.internal.invokers.TestInvoker$MethodInvocationAgent.invoke(TestInvoker.java:962)
at org.testng.internal.invokers.TestInvoker.invokeTestMethods(TestInvoker.java:194)
at org.testng.internal.invokers.TestMethodWorker.invokeTestMethods(TestMethodWorker.java:148)
at org.testng.internal.invokers.TestMethodWorker.run(TestMethodWorker.java:128)
at java.base/java.util.ArrayList.forEach(ArrayList.java:1511)
at org.testng.TestRunner.privateRun(TestRunner.java:806)
at org.testng.TestRunner.run(TestRunner.java:601)
at org.testng.SuiteRunner.runTest(SuiteRunner.java:433)
at org.testng.SuiteRunner$SuiteWorker.run(SuiteRunner.java:471)
at org.testng.internal.thread.ThreadUtil.lambda$execute$0(ThreadUtil.java:58)
at java.base/java.util.concurrent.FutureTask.run(FutureTask.java:264)
at java.base/java.util.concurrent.ThreadPoolExecutor.runWorker(ThreadPoolExecutor.java:1130)
at java.base/java.util.concurrent.ThreadPoolExecutor$Worker.run(ThreadPoolExecutor.java:630)
at java.base/java.lang.Thread.run(Thread.java:831)
]]>
            </full-stacktrace>
          </exception> <!-- java.lang.AssertionError -->
          <reporter-output>
          </reporter-output>
        </test-method> <!-- LaunchBrowser -->
        <test-method is-config="true" signature="tearDown()[pri:0, instance:Tests.InitializeTest@194fad1]" started-at="2022-06-30T18:24:57 IST" name="tearDown" finished-at="2022-06-30T18:25:17 IST" duration-ms="20477" status="PASS">
          <reporter-output>
          </reporter-output>
        </test-method> <!-- tearDown -->
      </class> <!-- Tests.InitializeTest -->
    </test> <!-- Test -->
  </suite> <!-- Suite -->
</testng-results>
